The process failed: System.NullReferenceException: Riferimento a un oggetto non impostato su un'istanza di oggetto.
   in ACCG.ACCGResourceManager.LoadOpponents(String _file_path) in d:\Gamedev\AssettoCorsa\GitHub\ACCG\ACCG\ACCGResourceManager.cs:riga 496
The process failed: System.NullReferenceException: Riferimento a un oggetto non impostato su un'istanza di oggetto.
   in ACCG.ACCGResourceManager.LoadEvent(String _file_path) in d:\Gamedev\AssettoCorsa\GitHub\ACCG\ACCG\ACCGResourceManager.cs:riga 754
The process failed: System.NullReferenceException: Riferimento a un oggetto non impostato su un'istanza di oggetto.
   in ACCG.ACCGResourceManager.LoadEvent(String _file_path) in d:\Gamedev\AssettoCorsa\GitHub\ACCG\ACCG\ACCGResourceManager.cs:riga 754
The process failed: System.NullReferenceException: Riferimento a un oggetto non impostato su un'istanza di oggetto.
   in ACCG.ACCGResourceManager.LoadEvent(String _file_path) in d:\Gamedev\AssettoCorsa\GitHub\ACCG\ACCG\ACCGResourceManager.cs:riga 754
The process failed: System.NullReferenceException: Riferimento a un oggetto non impostato su un'istanza di oggetto.
   in ACCG.ACCGResourceManager.LoadEvent(String _file_path) in d:\Gamedev\AssettoCorsa\GitHub\ACCG\ACCG\ACCGResourceManager.cs:riga 754
The process failed: System.NullReferenceException: Riferimento a un oggetto non impostato su un'istanza di oggetto.
   in ACCG.ACCGResourceManager.LoadEvent(String _file_path) in d:\Gamedev\AssettoCorsa\GitHub\ACCG\ACCG\ACCGResourceManager.cs:riga 754
The process failed: System.NullReferenceException: Riferimento a un oggetto non impostato su un'istanza di oggetto.
   in ACCG.ACCGResourceManager.LoadEvent(String _file_path) in d:\Gamedev\AssettoCorsa\GitHub\ACCG\ACCG\ACCGResourceManager.cs:riga 754
The process failed: System.NullReferenceException: Riferimento a un oggetto non impostato su un'istanza di oggetto.
   in ACCG.ACCGResourceManager.LoadEvent(String _file_path) in d:\Gamedev\AssettoCorsa\GitHub\ACCG\ACCG\ACCGResourceManager.cs:riga 754
The process failed: System.NullReferenceException: Riferimento a un oggetto non impostato su un'istanza di oggetto.
   in ACCG.ACCGResourceManager.LoadEvent(String _file_path) in d:\Gamedev\AssettoCorsa\GitHub\ACCG\ACCG\ACCGResourceManager.cs:riga 754
The process failed: System.NullReferenceException: Riferimento a un oggetto non impostato su un'istanza di oggetto.
   in ACCG.ACCGResourceManager.LoadEvent(String _file_path) in d:\Gamedev\AssettoCorsa\GitHub\ACCG\ACCG\ACCGResourceManager.cs:riga 754
The process failed: System.NullReferenceException: Riferimento a un oggetto non impostato su un'istanza di oggetto.
   in ACCG.ACCGResourceManager.LoadEvent(String _file_path) in d:\Gamedev\AssettoCorsa\GitHub\ACCG\ACCG\ACCGResourceManager.cs:riga 754
The process failed: System.NullReferenceException: Riferimento a un oggetto non impostato su un'istanza di oggetto.
   in ACCG.ACCGResourceManager.LoadEvent(String _file_path) in d:\Gamedev\AssettoCorsa\GitHub\ACCG\ACCG\ACCGResourceManager.cs:riga 754
The process failed: System.NullReferenceException: Riferimento a un oggetto non impostato su un'istanza di oggetto.
   in ACCG.ACCGResourceManager.LoadEvent(String _file_path) in d:\Gamedev\AssettoCorsa\GitHub\ACCG\ACCG\ACCGResourceManager.cs:riga 754
The process failed: System.NullReferenceException: Riferimento a un oggetto non impostato su un'istanza di oggetto.
   in ACCG.ACCGResourceManager.LoadEvent(String _file_path) in d:\Gamedev\AssettoCorsa\GitHub\ACCG\ACCG\ACCGResourceManager.cs:riga 754
The process failed: System.NullReferenceException: Riferimento a un oggetto non impostato su un'istanza di oggetto.
   in ACCG.ACCGResourceManager.LoadEvent(String _file_path) in d:\Gamedev\AssettoCorsa\GitHub\ACCG\ACCG\ACCGResourceManager.cs:riga 754
The process failed: System.NullReferenceException: Riferimento a un oggetto non impostato su un'istanza di oggetto.
   in ACCG.ACCGResourceManager.LoadEvent(String _file_path) in d:\Gamedev\AssettoCorsa\GitHub\ACCG\ACCG\ACCGResourceManager.cs:riga 754
The process failed: System.NullReferenceException: Riferimento a un oggetto non impostato su un'istanza di oggetto.
   in ACCG.ACCGResourceManager.LoadEvent(String _file_path) in d:\Gamedev\AssettoCorsa\GitHub\ACCG\ACCG\ACCGResourceManager.cs:riga 754
The process failed: System.NullReferenceException: Riferimento a un oggetto non impostato su un'istanza di oggetto.
   in ACCG.ACCGResourceManager.LoadEvent(String _file_path) in d:\Gamedev\AssettoCorsa\GitHub\ACCG\ACCG\ACCGResourceManager.cs:riga 754
The process failed: System.NullReferenceException: Riferimento a un oggetto non impostato su un'istanza di oggetto.
   in ACCG.ACCGResourceManager.LoadEvent(String _file_path) in d:\Gamedev\AssettoCorsa\GitHub\ACCG\ACCG\ACCGResourceManager.cs:riga 754
The process failed: System.NullReferenceException: Riferimento a un oggetto non impostato su un'istanza di oggetto.
   in ACCG.ACCGResourceManager.LoadEvent(String _file_path) in d:\Gamedev\AssettoCorsa\GitHub\ACCG\ACCG\ACCGResourceManager.cs:riga 754
The process failed: System.NullReferenceException: Riferimento a un oggetto non impostato su un'istanza di oggetto.
   in ACCG.ACCGResourceManager.LoadEvent(String _file_path) in d:\Gamedev\AssettoCorsa\GitHub\ACCG\ACCG\ACCGResourceManager.cs:riga 754
The process failed: System.NullReferenceException: Riferimento a un oggetto non impostato su un'istanza di oggetto.
   in ACCG.ACCGResourceManager.LoadEvent(String _file_path) in d:\Gamedev\AssettoCorsa\GitHub\ACCG\ACCG\ACCGResourceManager.cs:riga 754
The process failed: System.NullReferenceException: Riferimento a un oggetto non impostato su un'istanza di oggetto.
   in ACCG.ACCGResourceManager.LoadEvent(String _file_path) in d:\Gamedev\AssettoCorsa\GitHub\ACCG\ACCG\ACCGResourceManager.cs:riga 754
The process failed: System.NullReferenceException: Riferimento a un oggetto non impostato su un'istanza di oggetto.
   in ACCG.ACCGResourceManager.LoadEvent(String _file_path) in d:\Gamedev\AssettoCorsa\GitHub\ACCG\ACCG\ACCGResourceManager.cs:riga 754
The process failed: System.NullReferenceException: Riferimento a un oggetto non impostato su un'istanza di oggetto.
   in ACCG.ACCGResourceManager.LoadEvent(String _file_path) in d:\Gamedev\AssettoCorsa\GitHub\ACCG\ACCG\ACCGResourceManager.cs:riga 754
The process failed: System.NullReferenceException: Riferimento a un oggetto non impostato su un'istanza di oggetto.
   in ACCG.ACCGResourceManager.LoadEvent(String _file_path) in d:\Gamedev\AssettoCorsa\GitHub\ACCG\ACCG\ACCGResourceManager.cs:riga 754
The process failed: System.NullReferenceException: Riferimento a un oggetto non impostato su un'istanza di oggetto.
   in ACCG.ACCGResourceManager.LoadEvent(String _file_path) in d:\Gamedev\AssettoCorsa\GitHub\ACCG\ACCG\ACCGResourceManager.cs:riga 754
The process failed: System.NullReferenceException: Riferimento a un oggetto non impostato su un'istanza di oggetto.
   in ACCG.ACCGResourceManager.LoadEvent(String _file_path) in d:\Gamedev\AssettoCorsa\GitHub\ACCG\ACCG\ACCGResourceManager.cs:riga 754
The process failed: System.NullReferenceException: Riferimento a un oggetto non impostato su un'istanza di oggetto.
   in ACCG.ACCGResourceManager.LoadEvent(String _file_path) in d:\Gamedev\AssettoCorsa\GitHub\ACCG\ACCG\ACCGResourceManager.cs:riga 754
The process failed: System.NullReferenceException: Riferimento a un oggetto non impostato su un'istanza di oggetto.
   in ACCG.ACCGResourceManager.LoadEvent(String _file_path) in d:\Gamedev\AssettoCorsa\GitHub\ACCG\ACCG\ACCGResourceManager.cs:riga 754
The process failed: System.NullReferenceException: Riferimento a un oggetto non impostato su un'istanza di oggetto.
   in ACCG.ACCGResourceManager.LoadEvent(String _file_path) in d:\Gamedev\AssettoCorsa\GitHub\ACCG\ACCG\ACCGResourceManager.cs:riga 754
The process failed: System.ArgumentOutOfRangeException: Index non compreso nell'intervallo. Richiesto valore non negativo e minore della dimensione della raccolta.
Nome parametro: index
   in System.ThrowHelper.ThrowArgumentOutOfRangeException()
   in System.Collections.Generic.List`1.get_Item(Int32 index)
   in ACCG.ACCGResourceManager.loadSeries(String _file_path) in d:\Gamedev\AssettoCorsa\GitHub\ACCG\ACCG\ACCGResourceManager.cs:riga 1400
