22/04/2015 14:07:49: Load settings.ini
22/04/2015 14:07:49: Load ACCG Series list
22/04/2015 14:07:49: Sync resources
22/04/2015 14:08:00: Load Cars
CAR: abarth500
SKIN: black_red
SKIN: grey_white
SKIN: light_blue
SKIN: light_blue_scorpion
SKIN: pearl
SKIN: pearl_scorpion
SKIN: red_scorpion
SKIN: red_white
SKIN: white
SKIN: white_scorpion
SKIN: [end_skins]
CAR: abarth500_s1
SKIN: black_neon
SKIN: dark_blue_blue
SKIN: dark_green_yellow
SKIN: light_blue_orange
SKIN: maroon_white
SKIN: orange_grey
SKIN: red_yellow
SKIN: silver_red
SKIN: white_grey
SKIN: yellow_orange
SKIN: [end_skins]
CAR: alfa_romeo_giulietta_qv
SKIN: argento_alfa
SKIN: bianco_ghiaccio
SKIN: blu_anodizzato
SKIN: bronzo
SKIN: grigio_antracite
SKIN: grigio_magnesio
SKIN: nero
SKIN: nero_etna
SKIN: perla_moonlight
SKIN: rosso_alfa
SKIN: rosso_competizione
SKIN: [end_skins]
CAR: alfa_romeo_giulietta_qv_le
SKIN: argento_alfa
SKIN: bianco_ghiaccio
SKIN: blu_anodizzato
SKIN: bronzo
SKIN: grigio_antracite
SKIN: grigio_magnesio
SKIN: nero
SKIN: nero_etna
SKIN: perla_moonlight
SKIN: rosso_alfa
SKIN: rosso_competizione
SKIN: [end_skins]
CAR: bmw_1m
SKIN: black_sapphire_02
SKIN: black_sapphire_03
SKIN: bmw_20
SKIN: bmw_motorsport_07
SKIN: crimson_red_04
SKIN: deep_sea_blue_08
SKIN: dgfx_11
SKIN: glacier_silver_09
SKIN: grey_05
SKIN: liquid_blue_10
SKIN: midnight_blue_12
SKIN: mineral_grey_13
SKIN: nvidia_06
SKIN: orange_16
SKIN: red_01
SKIN: sparkling_bronze_17
SKIN: staiger_15
SKIN: valencia_orange_18
SKIN: white_14
SKIN: zaphir_19
SKIN: [end_skins]
CAR: bmw_1m_s3
SKIN: aristek_5
SKIN: bmw_bank_22
SKIN: bmw_motorsport_black_88
SKIN: bmw_motorsport_white_99
SKIN: green_motorsport_45
SKIN: inferno_64
SKIN: just_mareo_14
SKIN: kunos_racing_2
SKIN: midnight_boss
SKIN: nvidia
SKIN: nvidia_780
SKIN: street_racer
SKIN: taurus_3d_17
SKIN: yashugan_dgfx_art_4
SKIN: [end_skins]
CAR: bmw_m3_e30
SKIN: alpine_white_i
SKIN: brilliant_red
SKIN: cinnabar_red
SKIN: diamond_black_metallic
SKIN: henna_red
SKIN: jet_black
SKIN: macau_blue_metallic
SKIN: misano_red
SKIN: nogaro_silver_metallic
SKIN: salmon_silver_metallic
SKIN: sterling_silver_metallic
SKIN: [end_skins]
CAR: bmw_m3_e30_drift
SKIN: dgfx_vinyl
SKIN: falken
SKIN: jtc_drift
SKIN: nitto_red
SKIN: nitto_white
SKIN: [end_skins]
CAR: bmw_m3_e30_dtm
SKIN: alpine_white_i
SKIN: black
SKIN: bmw
SKIN: brilliant_red
SKIN: cinnabar_red
SKIN: diamond_black_metallic
SKIN: fina_7
SKIN: henna_red
SKIN: jet_black
SKIN: macau_blue_metallic
SKIN: misano_red
SKIN: nogaro_silver_metallic
SKIN: salmon_silver_metallic
SKIN: sterling_silver_metallic
SKIN: [end_skins]
CAR: bmw_m3_e30_gra
SKIN: alpine_white_i
SKIN: black
SKIN: bmw
SKIN: brilliant_red
SKIN: cinnabar_red
SKIN: diamond_black_metallic
SKIN: fina_7
SKIN: henna_red
SKIN: jet_black
SKIN: luk
SKIN: macau_blue_metallic
SKIN: misano_red
SKIN: nogaro_silver_metallic
SKIN: salmon_silver_metallic
SKIN: sterling_silver_metallic
SKIN: [end_skins]
CAR: bmw_m3_e30_s1
SKIN: 2_tone_white_red
SKIN: alpine_white_i
SKIN: brilliant_red
SKIN: burnt_orange
SKIN: cinnabar_red
SKIN: diamond_black_metallic
SKIN: germany
SKIN: henna_red
SKIN: jet_black
SKIN: macau_blue_metallic
SKIN: nogaro_silver_metallic
SKIN: salmon_silver_metallic
SKIN: sterling_silver_metallic
SKIN: street_2
SKIN: street_racer
SKIN: [end_skins]
CAR: bmw_m3_e92
SKIN: atlantis_metallic
SKIN: azurite_black
SKIN: barbera_red
SKIN: black_sapphire_metallic
SKIN: bmw_academy
SKIN: brilliant_white
SKIN: dakar_yellow
SKIN: frozen_black
SKIN: hellrot
SKIN: laguna_seca_blue
SKIN: marrakesh_brown
SKIN: midnight_blue
SKIN: monte_carlo_blue
SKIN: moonstone
SKIN: orange
SKIN: phoenix_yellow
SKIN: power_green
SKIN: red
SKIN: santorini_blue
SKIN: titanium_silver
SKIN: tomczyk
SKIN: [end_skins]
CAR: bmw_m3_e92_drift
SKIN: bmw_academy
SKIN: falken
SKIN: gsr
SKIN: hankook
SKIN: koni_7
SKIN: monster_falken
SKIN: rockstar
SKIN: [end_skins]
CAR: bmw_m3_e92_s1
SKIN: atlantis_metallic
SKIN: azurite_black
SKIN: barbera_red
SKIN: black_sapphire_metallic
SKIN: bmw_academy
SKIN: dakar_yellow
SKIN: frozen_black
SKIN: hellrot
SKIN: monte_carlo_blue
SKIN: moonstone
SKIN: nvidia
SKIN: orange
SKIN: phoenix_yellow
SKIN: power_green
SKIN: red
SKIN: titanium_silver
SKIN: [end_skins]
CAR: bmw_m3_gt2
SKIN: advan
SKIN: aspen_white
SKIN: azurite_black
SKIN: bmw_motorsport
SKIN: digigrafet
SKIN: dsd
SKIN: endless
SKIN: falken
SKIN: gulf
SKIN: gulf2
SKIN: kunosracing
SKIN: kunosracing_80
SKIN: kunosracing_81
SKIN: nvidia
SKIN: ozoshi
SKIN: red_bull
SKIN: [end_skins]
CAR: bmw_z4
SKIN: black
SKIN: black_matte
SKIN: blue
SKIN: default
SKIN: red
SKIN: [end_skins]
CAR: bmw_z4_drift
SKIN: black
SKIN: blue
SKIN: falken
SKIN: red
SKIN: [end_skins]
CAR: bmw_z4_gt3
SKIN: assetto_z
SKIN: bmw_motorsport_2012
SKIN: bmw_motorsport_2013_black
SKIN: bmw_motorsport_2013_white
SKIN: fanatec
SKIN: marc_vds_2013
SKIN: nvidea_z
SKIN: scuderiaecosse
SKIN: tcr_2014_097
SKIN: tcr_2014_903
SKIN: vita4one
SKIN: walkenhorst_motorsport
SKIN: xdrive_20_z
SKIN: [end_skins]
CAR: bmw_z4_s1
SKIN: black
SKIN: blue
SKIN: red
SKIN: [end_skins]
CAR: ferrari_312t
SKIN: bel_4
SKIN: default
SKIN: fin_6
SKIN: fra_2
SKIN: ger_5
SKIN: lauda
SKIN: regazzoni
SKIN: uk_3
SKIN: [end_skins]
CAR: ferrari_458
SKIN: avorio
SKIN: bianco_avus
SKIN: blupozzi
SKIN: giallo_modena
SKIN: giallo_modena_dark_top
SKIN: grigio_scuro
SKIN: rosso_corsa
SKIN: rosso_mugello
SKIN: rosso_scuderia
SKIN: rosso_scuderia_dark_top
SKIN: [end_skins]
CAR: ferrari_458_gt2
SKIN: 2011_team_sofrev_asp_20
SKIN: 2014_team_sofrev_asp_gte_58
SKIN: af_corse_51
SKIN: af_corse_wec_2014_71
SKIN: aim_sport_69
SKIN: black_38
SKIN: black_matte
SKIN: kessel1_52
SKIN: kunos_14
SKIN: new
SKIN: red
SKIN: rossocorsa
SKIN: white
SKIN: yellow
SKIN: [end_skins]
CAR: ferrari_458_s3
SKIN: avorio
SKIN: bianco_avus
SKIN: blupozzi
SKIN: giallo_modena
SKIN: giallo_modena_dark_top
SKIN: grigio_scuro
SKIN: rosso_corsa
SKIN: rosso_mugello
SKIN: rosso_scuderia
SKIN: rosso_scuderia_dark_top
SKIN: [end_skins]
CAR: ferrari_599xxevo
SKIN: 1
SKIN: 2
SKIN: 24
SKIN: 25
SKIN: 27
SKIN: 4
SKIN: 40
SKIN: 97
SKIN: [end_skins]
CAR: ferrari_f40
SKIN: 1red
SKIN: 2black
SKIN: 3white
SKIN: [end_skins]
CAR: ferrari_f40_s3
SKIN: 1red
SKIN: 2black
SKIN: 3white
SKIN: [end_skins]
CAR: ferrari_laferrari
SKIN: avorio
SKIN: bianco_avus
SKIN: blupozzi
SKIN: giallo_modena
SKIN: grigio_scuro
SKIN: rosso_corsa
SKIN: rosso_mugello
SKIN: rosso_scuderia
SKIN: [end_skins]
CAR: ks_alfa_romeo_155_v6
SKIN: alessandro_nannini_5
SKIN: carrera_19
SKIN: colado_91
SKIN: da_silva_9
SKIN: factory
SKIN: la_sarthe_18
SKIN: martin_6
SKIN: moonstone_21
SKIN: nicola_larini_8
SKIN: perez_7
SKIN: [end_skins]
CAR: ks_alfa_romeo_4c
SKIN: bianco
SKIN: bianco_black_rims
SKIN: bianco_madreperla
SKIN: bianco_madreperla_black_rims
SKIN: grigio_basalto
SKIN: grigio_basalto_black_rims
SKIN: nero
SKIN: nero_black_rims
SKIN: orange_satin
SKIN: orange_satin_black_rims
SKIN: red
SKIN: red_black_rims
SKIN: rosso_alfa
SKIN: rosso_alfa_black_rims
SKIN: [end_skins]
CAR: ks_alfa_romeo_gta
SKIN: 101_williams
SKIN: 10_marte
SKIN: 12_martocci
SKIN: 159_lugo
SKIN: 22_lavezzi
SKIN: 262_carrera
SKIN: 2_porzio
SKIN: 3_lemont
SKIN: 41_barthez
SKIN: 42_cardinali
SKIN: 46_jackermeier
SKIN: 4_marquez
SKIN: 55_coneja
SKIN: 61_perez
SKIN: 71_yoshida
SKIN: 72_johnson
SKIN: 84_lasarthe
SKIN: 91_raucci
SKIN: 96_colado
SKIN: 99_willis
SKIN: aluminium
SKIN: atlantis_metallic
SKIN: azurite_black
SKIN: brilliant_red
SKIN: cinnabar_red
SKIN: dakar_yellow
SKIN: henna_red
SKIN: laguna_seca_blue
SKIN: marrakesh brown
SKIN: misano_red
SKIN: monte_carlo_blue
SKIN: moonstone
SKIN: orange
SKIN: phoenix_yellow
SKIN: titanium_silver
SKIN: [end_skins]
CAR: ks_bmw_m235i_racing
SKIN: 171_gooch
SKIN: 1_lewis
SKIN: 233_m_performance
SKIN: 235_m_performance
SKIN: 2_lugo
SKIN: 310_valentin_racing
SKIN: 669_valentin_racing
SKIN: 71_speare
SKIN: 903_brokaw
SKIN: 909_gardner
SKIN: [end_skins]
CAR: ks_corvette_c7r
SKIN: 00
SKIN: 101
SKIN: 12
SKIN: 15
SKIN: 22
SKIN: 23
SKIN: 25
SKIN: 26
SKIN: 3
SKIN: 4
SKIN: 40
SKIN: 41
SKIN: 42
SKIN: 46
SKIN: 55
SKIN: 63
SKIN: 64
SKIN: 72
SKIN: 97
SKIN: 98
SKIN: [end_skins]
CAR: ks_mclaren_f1_gtr
SKIN: dark_grey
SKIN: default
SKIN: fina_39
SKIN: fina_42
SKIN: grey
SKIN: gulf_24
SKIN: gulf_33
SKIN: orange
SKIN: red
SKIN: [end_skins]
CAR: ks_mclaren_p1
SKIN: azure_blue
SKIN: carbon_black
SKIN: mclaren_orange
SKIN: mercury_red
SKIN: pearl_white
SKIN: silver
SKIN: volcano_orange
SKIN: volcano_red
SKIN: volcano_yellow
SKIN: yellow
SKIN: [end_skins]
CAR: ks_mercedes_190_evo2
SKIN: alpine_white_64
SKIN: argento_iridio_65
SKIN: black_66
SKIN: blue_71
SKIN: grigio_alanite_designo_68
SKIN: mystic_white_designo_55
SKIN: nero_ossidiana_72
SKIN: rosso_opale_67
SKIN: silver_blue_13
SKIN: sonax_3
SKIN: yellow_blue_12
SKIN: [end_skins]
CAR: ks_mercedes_c9
SKIN: aeg_61
SKIN: aeg_olympia_62
SKIN: michelin_63
SKIN: sauber_61
SKIN: sauber_63
SKIN: team_redline_blue
SKIN: team_redline_classic
SKIN: team_redline_navy
SKIN: team_redline_red
SKIN: team_redline_white
SKIN: [end_skins]
CAR: ks_nissan_gtr_gt3
SKIN: 2t_94
SKIN: 2t_95
SKIN: 2t_96
SKIN: 2t_97
SKIN: ac_15
SKIN: ac_36
SKIN: ac_67
SKIN: gt3_91
SKIN: gt3_92
SKIN: gt3_93
SKIN: jrm_22
SKIN: jrm_23
SKIN: jrm_230
SKIN: kunosart_112
SKIN: kunosart_121
SKIN: nismo_88
SKIN: nismo_89
SKIN: nismo_90
SKIN: nissan_12
SKIN: nissan_98
SKIN: [end_skins]
CAR: ktm_xbow_r
SKIN: blue_01
SKIN: blue_02
SKIN: carbon_03
SKIN: celeste_04
SKIN: cyan_05
SKIN: dark_grey_06
SKIN: giallo_limone_07
SKIN: grigio_chiaro_08
SKIN: grigio_scuro_09
SKIN: isotope_green_10
SKIN: isotope_green_11
SKIN: lemon_12
SKIN: light_grey_13
SKIN: orange_14
SKIN: red_15
SKIN: roc_16
SKIN: roc_17
SKIN: rosso_18
SKIN: standard_19
SKIN: verde_20
SKIN: [end_skins]
CAR: lotus_2_eleven
SKIN: 2_eleven
SKIN: red
SKIN: [end_skins]
CAR: lotus_2_eleven_gt4
SKIN: 2eleven_13
SKIN: 2eleven_14
SKIN: 2eleven_15
SKIN: 2eleven_16
SKIN: atech_green_07
SKIN: atech_orange_08
SKIN: cloud9_19
SKIN: cloud9_20
SKIN: dgfx_blue_06
SKIN: dgfx_red_05
SKIN: kunos_racing_11
SKIN: kunos_racing_12
SKIN: lotus_black_03
SKIN: lotus_green_01
SKIN: lotus_white_04
SKIN: lotus_yellow_02
SKIN: mareo_wins_09
SKIN: mareo_wins_10
SKIN: taurus_17
SKIN: taurus_18
SKIN: [end_skins]
CAR: lotus_49
SKIN: 1967_02
SKIN: 1967_03
SKIN: 1967_05
SKIN: 1967_06
SKIN: 1967_12
SKIN: 1967_14
SKIN: 1967_15
SKIN: 1967_16
SKIN: 1967_18
SKIN: 1967_20
SKIN: 1967_29
SKIN: 1967_32
SKIN: 1967_34
SKIN: 1967__07
SKIN: 1967__17
SKIN: default
SKIN: jim_clark
SKIN: jo_siffert
SKIN: [end_skins]
CAR: lotus_98t
SKIN: brokmans_13
SKIN: brokmans_14
SKIN: craft_03
SKIN: craft_04
SKIN: delonghi_11
SKIN: delonghi_12
SKIN: dline_01
SKIN: dline_02
SKIN: dome_15
SKIN: dome_16
SKIN: eastern_07
SKIN: eastern_08
SKIN: epoxo_09
SKIN: epoxo_10
SKIN: mullberry_17
SKIN: mullberry_18
SKIN: race_trim_19
SKIN: race_trim_20
SKIN: wilson_05
SKIN: wilson_06
SKIN: [end_skins]
CAR: lotus_elise_sc
SKIN: amethyst_grey
SKIN: aquamarine_blue
SKIN: ardent_red
SKIN: artic_silver
SKIN: aspen_white
SKIN: autumn_bronze
SKIN: burnt_orange
SKIN: canyon_red
SKIN: carbon_grey
SKIN: chrome_orange
SKIN: frost_blue
SKIN: graphite_grey
SKIN: ice_white
SKIN: isotope_green
SKIN: laser_blue
SKIN: liquid_blue
SKIN: motorsport_green
SKIN: nightfall_blue
SKIN: persian_blue
SKIN: phantom_black
SKIN: quartz_silver
SKIN: racing_green
SKIN: racing_green_stripe
SKIN: sienna_brown
SKIN: solar_yellow
SKIN: starlight_black
SKIN: storm_titanium
SKIN: velvet_red
SKIN: [end_skins]
CAR: lotus_elise_sc_s1
SKIN: amethyst_grey
SKIN: aquamarine_blue
SKIN: ardent_red
SKIN: artic_silver
SKIN: aspen_white
SKIN: autumn_bronze
SKIN: burnt_orange
SKIN: canyon_red
SKIN: carbon_grey
SKIN: chrome_orange
SKIN: frost_blue
SKIN: graphite_grey
SKIN: ice_white
SKIN: isotope_green
SKIN: laser_blue
SKIN: liquid_blue
SKIN: motorsport_green
SKIN: nightfall_blue
SKIN: persian_blue
SKIN: phantom_black
SKIN: quartz_silver
SKIN: racing_green
SKIN: racing_green_stripe
SKIN: sienna_brown
SKIN: solar_yellow
SKIN: starlight_black
SKIN: storm_titanium
SKIN: velvet_red
SKIN: [end_skins]
CAR: lotus_elise_sc_s2
SKIN: amethyst_grey
SKIN: aquamarine_blue
SKIN: ardent_red
SKIN: artic_silver
SKIN: aspen_white
SKIN: autumn_bronze
SKIN: burnt_orange
SKIN: canyon_red
SKIN: carbon_grey
SKIN: chrome_orange
SKIN: frost_blue
SKIN: graphite_grey
SKIN: ice_white
SKIN: isotope_green
SKIN: laser_blue
SKIN: liquid_blue
SKIN: motorsport_green
SKIN: nightfall_blue
SKIN: persian_blue
SKIN: phantom_black
SKIN: quartz_silver
SKIN: racing_green
SKIN: racing_green_stripe
SKIN: sienna_brown
SKIN: solar_yellow
SKIN: starlight_black
SKIN: storm_titanium
SKIN: velvet_red
SKIN: [end_skins]
CAR: lotus_evora_gtc
SKIN: battery_tender
SKIN: bull_run
SKIN: burnt_orange
SKIN: carbon_grey
SKIN: motorsport_green
SKIN: motorsport_green_cosworth
SKIN: phantom_black
SKIN: quartz_silver
SKIN: racing_green
SKIN: red
SKIN: solar_yellow
SKIN: [end_skins]
CAR: lotus_evora_gte
SKIN: black_red
SKIN: grey
SKIN: kunosracing72
SKIN: red
SKIN: red_stripes
SKIN: white_black
SKIN: yellow
SKIN: [end_skins]
CAR: lotus_evora_gte_carbon
SKIN: carbon
SKIN: [end_skins]
CAR: lotus_evora_gx
SKIN: battery_tender
SKIN: battery_tender_23
SKIN: burnt_orange
SKIN: carbon_grey
SKIN: default
SKIN: motorsport_green
SKIN: phantom_black
SKIN: quartz_silver
SKIN: racing_green
SKIN: red
SKIN: solar_yellow
SKIN: [end_skins]
CAR: lotus_evora_s
SKIN: amethyst_grey
SKIN: aquamarine_blue
SKIN: ardent_red
SKIN: aspen_white
SKIN: autumn_bronze
SKIN: canyon_red
SKIN: carbon_grey
SKIN: chrome_orange
SKIN: motorsport_green
SKIN: nightfall_blue
SKIN: phantom_black
SKIN: quartz_silver
SKIN: racing_green
SKIN: sienna_brown
SKIN: solar_yellow
SKIN: [end_skins]
CAR: lotus_evora_s_s2
SKIN: amethyst_grey
SKIN: aquamarine_blue
SKIN: ardent_red
SKIN: aspen_white
SKIN: autumn_bronze
SKIN: canyon_red
SKIN: carbon_grey
SKIN: chrome_orange
SKIN: motorsport_green
SKIN: nightfall_blue
SKIN: phantom_black
SKIN: quartz_silver
SKIN: racing_green
SKIN: sienna_brown
SKIN: solar_yellow
SKIN: [end_skins]
CAR: lotus_exige_240
SKIN: orange
SKIN: red
SKIN: [end_skins]
CAR: lotus_exige_240_s3
SKIN: black
SKIN: blue_dsd
SKIN: default
SKIN: light_blue_orange
SKIN: orange_aris
SKIN: red_dgfx
SKIN: tcr_2014
SKIN: [end_skins]
CAR: lotus_exige_s
SKIN: amethyst_grey
SKIN: aquamarine_blue
SKIN: ardent_red
SKIN: artic_silver
SKIN: aspen_white
SKIN: autumn_bronze
SKIN: burnt_orange
SKIN: canyon_red
SKIN: carbon_grey
SKIN: chrome_orange
SKIN: frost_blue
SKIN: graphite_grey
SKIN: ice_white
SKIN: isotope_green
SKIN: laser_blue
SKIN: liquid_blue
SKIN: motorsport_green
SKIN: nightfall_blue
SKIN: persian_blue
SKIN: phantom_black
SKIN: quartz_silver
SKIN: racing_green
SKIN: sienna_brown
SKIN: solar_yellow
SKIN: starlight_black
SKIN: storm_titanium
SKIN: velvet_red
SKIN: [end_skins]
CAR: lotus_exige_scura
SKIN: scura
SKIN: [end_skins]
CAR: lotus_exige_s_roadster
SKIN: amethyst_grey
SKIN: ardent_red
SKIN: artic_silver
SKIN: aspen_white
SKIN: autumn_bronze
SKIN: burnt_orange
SKIN: canyon_red
SKIN: motorsport_green
SKIN: nightfall_blue
SKIN: phantom_black
SKIN: racing_green
SKIN: solar_yellow
SKIN: [end_skins]
CAR: lotus_exige_v6_cup
SKIN: 1
SKIN: [end_skins]
CAR: lotus_exos_125
SKIN: carbon
SKIN: lotus
SKIN: lotus_legends
SKIN: premiere
SKIN: [end_skins]
CAR: lotus_exos_125_s1
SKIN: black_red
SKIN: german_grey
SKIN: italian_red
SKIN: kunos_racing
SKIN: racing_green
SKIN: [end_skins]
CAR: mclaren_mp412c
SKIN: azure_blue
SKIN: carbon_black
SKIN: mclaren_orange
SKIN: mercury_red
SKIN: pearl_white
SKIN: silver
SKIN: volcano_orange
SKIN: volcano_red
SKIN: volcano_yellow
SKIN: [end_skins]
CAR: mclaren_mp412c_gt3
SKIN: 2012-gemballa_racing
SKIN: 2012-gulf_racing
SKIN: 2012-united_autosports
SKIN: 2013-art_grandprix
SKIN: 2013-hexis_racing
SKIN: 2013-official_mclaren
SKIN: 2013-sebastien_loeb_racing
SKIN: [end_skins]
CAR: mercedes_sls
SKIN: argento_iridio
SKIN: grigio_alanite_designo
SKIN: mystic_white_designo
SKIN: nero_ossidiana
SKIN: rosso_opale
SKIN: [end_skins]
CAR: mercedes_sls_gt3
SKIN: all_inkl_37
SKIN: all_inkl_38
SKIN: amg
SKIN: black_falcon_dubai_24h_1
SKIN: black_falcon_dubai_24h_2
SKIN: black_falcon_porta_9
SKIN: black_falcon_sb_mobel_boss_10
SKIN: kunos_zp_115
SKIN: kunos_zp_116
SKIN: kunos_zp_117
SKIN: kunos_zp_121
SKIN: tcr_2014_05
SKIN: tcr_2014_65
SKIN: [end_skins]
CAR: p4-5_2011
SKIN: 2011
SKIN: [end_skins]
CAR: pagani_huayra
SKIN: 2013_car_of_the_year
SKIN: amethyst_grey
SKIN: aquamarine_blue
SKIN: ardent_red
SKIN: artic_silver
SKIN: aspen_white
SKIN: autumn_bronze
SKIN: burnt_orange
SKIN: canyon_red
SKIN: carbon_grey
SKIN: chrome_orange
SKIN: frost_blue
SKIN: graphite_grey
SKIN: ice_white
SKIN: laser_blue
SKIN: liquid_blue
SKIN: nightfall_blue
SKIN: orange
SKIN: persian_blue
SKIN: phantom_black
SKIN: quartz_silver
SKIN: red
SKIN: solar_yellow
SKIN: starlight_black
SKIN: storm_titanium
SKIN: velvet_red
SKIN: [end_skins]
CAR: pagani_zonda_r
SKIN: default
SKIN: kunos_racing
SKIN: worldrecord
SKIN: [end_skins]
CAR: ruf_yellowbird
SKIN: 1-yellowbird-black
SKIN: 2-yellowbird-silver
SKIN: 3-yellowbird-silverblack
SKIN: black
SKIN: black-blackrims
SKIN: blue
SKIN: blue-blackrims
SKIN: green
SKIN: green-blackrims
SKIN: red
SKIN: red-blackrims
SKIN: [end_skins]
CAR: shelby_cobra_427sc
SKIN: 50thaniverserycomp
SKIN: blackcompetition15
SKIN: blackcompetition34
SKIN: bluecompetition44
SKIN: bluecompetition95
SKIN: dkbluecompetition52
SKIN: dkbluecompetition96
SKIN: dkredcompetition98
SKIN: ltbluecompetition67
SKIN: ltbluecompetition69
SKIN: redcompetition27
SKIN: redcompetition71
SKIN: redcompetition90
SKIN: silvercompetition6
SKIN: silvercompetition8
SKIN: whitecompetition11
SKIN: whitecompetition23
SKIN: whitecompetition60
SKIN: yellowcompetition13
SKIN: yellowcompetition33
SKIN: [end_skins]
CAR: tatuusfa1
SKIN: scheme0
SKIN: scheme1
SKIN: scheme2
SKIN: scheme3
SKIN: scheme4
SKIN: scheme5
SKIN: [end_skins]
22/04/2015 14:08:09: Load Tracks
TRACK: drag1000
TRACK: drag400
TRACK: drift
TRACK: imola
TRACK: nurb_nordschleife
TRACK: nurb_endurance
TRACK: nurb_touristenfahrten
TRACK: magione
TRACK: monza
TRACK: monza66
TRACK: mugello
TRACK: nurburgring
TRACK: nurburgring-sprint
TRACK: silverstone
TRACK: silverstone-international
TRACK: silverstone-national
TRACK: spa
TRACK: trento-bondone
TRACK: vallelunga
TRACK: vallelunga_club
